2025-12-22 07:38:13 [TXN-1766432293655-18a9ec16-4a34-417f-bd09-64156b0a5625] [pool-1-thread-1] INFO  com.bank.transactions.FinalExecutor - Transaction approved and completed: Transaction[TXN-1766432293655-18a9ec16-4a34-417f-bd09-64156b0a5625] Type: DEPOSIT | Amount: 0 USD | Status: COMPLETED | Time: 2025-12-22 07:38:13 | Account: CH-404
2025-12-22 07:38:37 [] [main] INFO  com.bank.core.Account - Account CH-404 state changed to: Frozen - Deposits allowed, withdrawals blocked
2025-12-22 07:38:37 [] [main] INFO  com.bank.core.Account - Account CH-404 frozen. New state: Frozen - Deposits allowed, withdrawals blocked
2025-12-22 07:39:22 [] [main] INFO  com.bank.core.Account - Account CH-404 activated. New state: Active - Full operations allowed
2025-12-22 07:40:24 [TXN-1766432424597-f829b0d8-c5e0-4667-bf9a-c36fc190e0db] [pool-1-thread-2] INFO  com.bank.transactions.FinalExecutor - Transaction approved and completed: Transaction[TXN-1766432424597-f829b0d8-c5e0-4667-bf9a-c36fc190e0db] Type: DEPOSIT | Amount: 0 USD | Status: COMPLETED | Time: 2025-12-22 07:40:24 | Account: SA-505
2025-12-22 07:41:13 [TXN-1766432472678-c54316a1-711c-4631-aab6-9602e17ba316] [pool-1-thread-1] INFO  com.bank.transactions.FinalExecutor - Transaction approved and completed: Transaction[TXN-1766432472678-c54316a1-711c-4631-aab6-9602e17ba316] Type: DEPOSIT | Amount: 0 USD | Status: COMPLETED | Time: 2025-12-22 07:41:12 | Account: SA-505
2025-12-22 10:46:48 [TXN-1766443608635-016e18d1-de94-4e28-ba97-548d85493f95] [pool-1-thread-1] INFO  com.bank.transactions.FinalExecutor - Transaction approved and completed: Transaction[TXN-1766443608635-016e18d1-de94-4e28-ba97-548d85493f95] Type: DEPOSIT | Amount: 0 USD | Status: COMPLETED | Time: 2025-12-22 10:46:48 | Account: SA-505
2025-12-22 10:46:48 [] [main] INFO  com.bank.core.Account - Account SA-505 state changed to: Frozen - Deposits allowed, withdrawals blocked
2025-12-22 10:46:48 [] [main] INFO  com.bank.core.Account - Account SA-505 frozen. New state: Frozen - Deposits allowed, withdrawals blocked
2025-12-22 10:46:48 [] [main] INFO  com.bank.core.Account - Account SA-505 state changed to: Active - Full operations allowed
2025-12-22 10:46:48 [] [main] INFO  com.bank.core.Account - Account SA-505 activated. New state: Active - Full operations allowed
2025-12-22 10:50:21 [TXN-1766443820924-bfe935f7-120c-4c66-850b-a95242891421] [pool-1-thread-1] INFO  com.bank.transactions.FinalExecutor - Transaction approved and completed: Transaction[TXN-1766443820924-bfe935f7-120c-4c66-850b-a95242891421] Type: DEPOSIT | Amount: 0 USD | Status: COMPLETED | Time: 2025-12-22 10:50:21 | Account: SA-202
2025-12-22 10:55:39 [TXN-1766444139277-76192874-6e08-44c4-8767-43900cfd73dc] [pool-1-thread-1] INFO  com.bank.transactions.FinalExecutor - Transaction approved and completed: Transaction[TXN-1766444139277-76192874-6e08-44c4-8767-43900cfd73dc] Type: DEPOSIT | Amount: 0 USD | Status: COMPLETED | Time: 2025-12-22 10:55:39 | Account: SA-202
2025-12-22 11:01:19 [TXN-1766444478704-1c2aa3b2-bd7b-4d24-98ff-96f83af20d11] [pool-1-thread-1] INFO  com.bank.transactions.FinalExecutor - Transaction approved and completed: Transaction[TXN-1766444478704-1c2aa3b2-bd7b-4d24-98ff-96f83af20d11] Type: DEPOSIT | Amount: 0 USD | Status: COMPLETED | Time: 2025-12-22 11:01:19 | Account: SA-202
2025-12-22 11:02:45 [TXN-1766444565156-0f19d89f-058b-4a76-bc84-9e0416678c83] [pool-1-thread-1] INFO  com.bank.transactions.FinalExecutor - Transaction approved and completed: Transaction[TXN-1766444565156-0f19d89f-058b-4a76-bc84-9e0416678c83] Type: DEPOSIT | Amount: 0 USD | Status: COMPLETED | Time: 2025-12-22 11:02:45 | Account: SA-202
2025-12-22 11:02:45 [TXN-1766444565540-4caa0daf-b357-440e-826c-fc97ffddce37] [pool-1-thread-1] ERROR com.bank.transactions.FinalExecutor - Transaction failed during execution: Transaction[TXN-1766444565540-4caa0daf-b357-440e-826c-fc97ffddce37] Type: WITHDRAWAL | Amount: 400 USD | Status: FAILED | Time: 2025-12-22 11:02:45 | Account: CH-101 - error: Overdraft limit exceeded! Max allowed with protection: 0
2025-12-22 11:25:53 [TXN-1766445953029-bc86d048-780c-4760-b323-de2ebc9aafe5] [pool-1-thread-1] INFO  com.bank.transactions.FinalExecutor - Transaction approved and completed: Transaction[TXN-1766445953029-bc86d048-780c-4760-b323-de2ebc9aafe5] Type: DEPOSIT | Amount: 0 USD | Status: COMPLETED | Time: 2025-12-22 11:25:53 | Account: SA-202
2025-12-22 11:25:53 [TXN-1766445953494-0b6110ea-e8cc-4b51-8c09-df372dca11a7] [pool-1-thread-1] ERROR com.bank.transactions.FinalExecutor - Transaction failed during execution: Transaction[TXN-1766445953494-0b6110ea-e8cc-4b51-8c09-df372dca11a7] Type: WITHDRAWAL | Amount: 400 USD | Status: FAILED | Time: 2025-12-22 11:25:53 | Account: CH-101 - error: Overdraft limit exceeded! Max allowed with protection: 0
2025-12-22 11:27:54 [TXN-1766446074167-37fd9d0b-0c23-406d-9c03-95bef27d6de0] [pool-1-thread-1] INFO  com.bank.transactions.FinalExecutor - Transaction approved and completed: Transaction[TXN-1766446074167-37fd9d0b-0c23-406d-9c03-95bef27d6de0] Type: DEPOSIT | Amount: 0 USD | Status: COMPLETED | Time: 2025-12-22 11:27:54 | Account: SA-202
2025-12-22 11:27:54 [TXN-1766446074628-a8f1faaa-cc60-42e5-ae6e-e36be7d57ef2] [pool-1-thread-2] ERROR com.bank.transactions.FinalExecutor - Transaction failed during execution: Transaction[TXN-1766446074628-a8f1faaa-cc60-42e5-ae6e-e36be7d57ef2] Type: WITHDRAWAL | Amount: 400 USD | Status: FAILED | Time: 2025-12-22 11:27:54 | Account: CH-101 - error: Overdraft limit exceeded! Max allowed with protection: 0
2025-12-22 11:30:22 [TXN-1766446222377-f2deb729-dff4-4182-8494-b85dee26d54a] [pool-1-thread-1] INFO  com.bank.transactions.FinalExecutor - Transaction approved and completed: Transaction[TXN-1766446222377-f2deb729-dff4-4182-8494-b85dee26d54a] Type: DEPOSIT | Amount: 0 USD | Status: COMPLETED | Time: 2025-12-22 11:30:22 | Account: SA-202
2025-12-22 11:30:22 [TXN-1766446222767-f4124dbb-9162-49d0-a710-b258381c26ad] [pool-1-thread-2] ERROR com.bank.transactions.FinalExecutor - Transaction failed during execution: Transaction[TXN-1766446222767-f4124dbb-9162-49d0-a710-b258381c26ad] Type: WITHDRAWAL | Amount: 400 USD | Status: FAILED | Time: 2025-12-22 11:30:22 | Account: CH-101 - error: Overdraft limit exceeded! Max allowed with protection: 0
2025-12-22 11:30:56 [TXN-1766446256041-e0b33f63-4fb9-4a66-abb9-e42fd5b2594d] [pool-1-thread-1] INFO  com.bank.transactions.FinalExecutor - Transaction approved and completed: Transaction[TXN-1766446256041-e0b33f63-4fb9-4a66-abb9-e42fd5b2594d] Type: DEPOSIT | Amount: 0 USD | Status: COMPLETED | Time: 2025-12-22 11:30:56 | Account: SA-202
2025-12-22 11:30:56 [TXN-1766446256464-f36f50bd-29cd-4009-85b7-a936d879a86f] [pool-1-thread-2] ERROR com.bank.transactions.FinalExecutor - Transaction failed during execution: Transaction[TXN-1766446256464-f36f50bd-29cd-4009-85b7-a936d879a86f] Type: WITHDRAWAL | Amount: 400 USD | Status: FAILED | Time: 2025-12-22 11:30:56 | Account: CH-101 - error: Overdraft limit exceeded! Max allowed with protection: 0
2025-12-22 12:03:10 [] [pool-1-thread-1] INFO  com.bank.transactions.FinalExecutor - Transaction TXN-68592c1a-5075-4997-93b1-4e47727c6b35 completed successfully.
2025-12-22 12:03:10 [] [pool-1-thread-2] INFO  com.bank.transactions.FinalExecutor - Transaction TXN-f04898f5-0c7b-481e-aa56-a414bbc7e177 completed successfully.
2025-12-22 12:03:10 [] [main] INFO  com.bank.core.Account - Account SA-202 state changed to: Frozen - Deposits allowed, withdrawals blocked
2025-12-22 12:03:10 [] [pool-1-thread-1] ERROR com.bank.transactions.FinalExecutor - Transaction TXN-280b6b85-bc49-4b37-a3d4-eeb98d8f729b failed: Operation failed: Account is frozen and does not allow withdrawals.
2025-12-22 12:05:07 [] [pool-1-thread-1] INFO  com.bank.transactions.FinalExecutor - Transaction TXN-fcd1846b-99e8-4001-bece-83aa3d5ac638 completed successfully.
2025-12-22 12:05:07 [] [pool-1-thread-2] INFO  com.bank.transactions.FinalExecutor - Transaction TXN-1dfb3b52-f932-43a2-ab20-d3abaa6a45c2 completed successfully.
2025-12-22 12:05:07 [] [main] INFO  com.bank.core.Account - Account SA-202 state changed to: Frozen - Deposits allowed, withdrawals blocked
2025-12-22 12:05:07 [] [pool-1-thread-1] ERROR com.bank.transactions.FinalExecutor - Transaction TXN-b8cb9a5d-371f-43df-8094-1f40ef634bfd failed: Operation failed: Account is frozen and does not allow withdrawals.
2025-12-22 12:15:19 [] [pool-1-thread-1] INFO  com.bank.transactions.FinalExecutor - Transaction TXN-ce9ba5ff-f4cf-49b6-bb80-2d09aed6a875 completed successfully.
2025-12-22 12:15:19 [] [pool-1-thread-2] INFO  com.bank.transactions.FinalExecutor - Transaction TXN-3f60f11e-0740-4bb7-9cf8-7fb8eb092b2f completed successfully.
2025-12-22 12:15:19 [] [main] INFO  com.bank.core.Account - Account SA-202 state changed to: Frozen - Deposits allowed, withdrawals blocked
2025-12-22 12:15:19 [] [pool-1-thread-1] ERROR com.bank.transactions.FinalExecutor - Transaction TXN-f8a948ac-fe09-4c0e-a590-bf1208205129 failed: Operation failed: Account is frozen and does not allow withdrawals.
2025-12-22 12:16:30 [] [pool-1-thread-1] INFO  com.bank.transactions.FinalExecutor - Transaction TXN-06a07cab-dd78-47b4-9bd4-889152db85f1 completed successfully.
2025-12-22 12:16:30 [] [pool-1-thread-2] INFO  com.bank.transactions.FinalExecutor - Transaction TXN-d8ae6e06-c6bf-4a54-8e3d-0eb18a15055d completed successfully.
2025-12-22 12:16:30 [] [main] INFO  com.bank.core.Account - Account SA-202 state changed to: Frozen - Deposits allowed, withdrawals blocked
2025-12-22 12:16:30 [] [pool-1-thread-1] ERROR com.bank.transactions.FinalExecutor - Transaction TXN-6e4c5de7-b237-4850-ac3f-5b7ed22e145d failed: Operation failed: Account is frozen and does not allow withdrawals.
2025-12-22 13:06:55 [] [pool-1-thread-1] INFO  com.bank.transactions.FinalExecutor - Transaction TXN-7f1b81dd-bd3f-4aa7-92da-4ee2fbbcddbc completed successfully.
2025-12-22 13:06:55 [] [pool-1-thread-2] INFO  com.bank.transactions.FinalExecutor - Transaction TXN-ab866b71-a6cc-4e11-835b-3d0d1e96c0d4 completed successfully.
2025-12-22 13:06:55 [] [main] INFO  com.bank.core.Account - Account SA-202 state changed to: Frozen - Deposits allowed, withdrawals blocked
2025-12-22 13:06:55 [] [pool-1-thread-1] ERROR com.bank.transactions.FinalExecutor - Transaction TXN-a802a85b-03ef-4778-8120-444eda2fb8cf failed: Operation failed: Account is frozen and does not allow withdrawals.
2025-12-22 13:08:35 [] [pool-1-thread-1] INFO  com.bank.transactions.FinalExecutor - Transaction TXN-e16400f7-5b0b-43ee-9005-7a18d1be4d2c completed successfully.
2025-12-22 13:08:35 [] [pool-1-thread-2] ERROR com.bank.transactions.FinalExecutor - Transaction TXN failed: Overdraft limit exceeded! Max allowed with protection: 0
2025-12-22 13:11:08 [] [pool-1-thread-1] INFO  com.bank.transactions.FinalExecutor - Transaction TXN-40e6fd87-01a0-4135-a22c-8f49fa754fd9 completed successfully.
2025-12-22 13:11:08 [] [pool-1-thread-2] INFO  com.bank.transactions.FinalExecutor - Transaction TXN completed successfully.
2025-12-22 13:11:08 [] [main] INFO  com.bank.core.Account - Account SA-202 state changed to: Frozen - Deposits allowed, withdrawals blocked
2025-12-22 13:11:08 [] [pool-1-thread-1] ERROR com.bank.transactions.FinalExecutor - Transaction TXN-9e3af5bb-254d-4c0a-a618-ae752850f782 failed: Operation failed: Account is frozen and does not allow withdrawals.
2025-12-22 14:45:35 [] [main] INFO  com.bank.customers.Customer - Customer أحمد المحارب created with ID C-001
2025-12-22 14:45:35 [] [main] INFO  com.bank.customers.Customer - Added account CH-101 to customer C-001
2025-12-22 14:45:35 [] [main] INFO  com.bank.customers.Customer - Added account SA-202 to customer C-001
2025-12-22 14:45:35 [] [pool-1-thread-1] INFO  com.bank.transactions.FinalExecutor - Transaction TXN-13005e32-bf1e-4ece-a38d-e7c45934001e completed successfully.
2025-12-22 14:45:35 [] [pool-1-thread-2] INFO  com.bank.transactions.FinalExecutor - Transaction TXN completed successfully.
2025-12-22 14:45:35 [] [main] INFO  com.bank.core.Account - Account SA-202 state changed to: Frozen - Deposits allowed, withdrawals blocked
2025-12-22 14:45:35 [] [pool-1-thread-1] ERROR com.bank.transactions.FinalExecutor - Transaction TXN-32904b82-302b-4f8e-ab71-55696a165778 failed: Operation failed: Account is frozen and does not allow withdrawals.
2025-12-22 14:45:35 [] [main] INFO  com.bank.customers.Customer - Generated portfolio report for customer C-001
2025-12-22 14:47:55 [] [main] INFO  com.bank.customers.Customer - Customer أحمد المحارب created with ID C-001
2025-12-22 14:47:55 [] [main] INFO  com.bank.customers.Customer - Added account CH-101 to customer C-001
2025-12-22 14:47:55 [] [main] INFO  com.bank.customers.Customer - Added account SA-202 to customer C-001
2025-12-22 14:47:55 [] [pool-1-thread-1] INFO  com.bank.transactions.FinalExecutor - Transaction TXN-d234121b-0082-4503-aef7-3978bd05dd82 completed successfully.
2025-12-22 14:47:55 [] [pool-1-thread-2] INFO  com.bank.transactions.FinalExecutor - Transaction TXN completed successfully.
2025-12-22 14:47:55 [] [main] INFO  com.bank.core.Account - Account SA-202 state changed to: Frozen - Deposits allowed, withdrawals blocked
2025-12-22 14:47:55 [] [pool-1-thread-1] ERROR com.bank.transactions.FinalExecutor - Transaction TXN-e0c5adb9-ca74-40d3-8fc7-d7f932530023 failed: Operation failed: Account is frozen and does not allow withdrawals.
2025-12-22 14:47:55 [] [main] INFO  com.bank.customers.Customer - Generated portfolio report for customer C-001
2025-12-22 15:21:23 [] [main] INFO  com.bank.customers.Customer - Customer أحمد المحارب created with ID C-001
2025-12-22 15:21:23 [] [main] INFO  com.bank.customers.Customer - Added account CH-101 to customer C-001
2025-12-22 15:21:23 [] [main] INFO  com.bank.customers.Customer - Added account SA-202 to customer C-001
2025-12-22 15:21:23 [] [main] INFO  com.bank.customers.Customer - Total balance for customer C-001 calculated: 3000 USD
2025-12-22 15:21:23 [] [main] INFO  com.bank.MainDemo - Demo finished: All accounts added correctly to Customer C-001 and Portfolio.
2025-12-22 15:32:09 [] [main] INFO  com.bank.customers.Customer - Customer أحمد created with ID C-001
2025-12-22 15:32:30 [] [main] INFO  com.bank.customers.Customer - Customer أحمد created with ID C-001
2025-12-22 15:33:03 [] [main] INFO  com.bank.customers.Customer - Customer أحمد created with ID C-001
2025-12-22 15:41:25 [] [main] INFO  com.bank.customers.Customer - Customer أحمد المحارب created with ID C-001
2025-12-22 15:41:25 [] [main] INFO  com.bank.customers.Customer - Added account SA-101 to customer C-001
2025-12-22 15:41:25 [] [main] INFO  com.bank.customers.Customer - Added account CH-202 to customer C-001
2025-12-22 15:41:25 [] [main] INFO  com.bank.customers.Customer - Total balance for customer C-001 calculated: 3000 USD
2025-12-22 15:41:25 [] [main] INFO  com.bank.MainDemo - Demo finished: All accounts added correctly to Customer C-001 and Portfolio.
